<?xml version="1.0" encoding="UTF-8"?>
<testsuite xmlns:xsi="http://www.w3.org/2001/XMLSchema-instance" xsi:noNamespaceSchemaLocation="https://maven.apache.org/surefire/maven-surefire-plugin/xsd/surefire-test-report-3.0.xsd" version="3.0" name="com.compiler.TokenGeneratorTest" time="0.149" tests="13" errors="0" skipped="0" failures="0">
  <properties>
    <property name="java.specification.version" value="21"/>
    <property name="sun.jnu.encoding" value="UTF-8"/>
    <property name="java.class.path" value="/home/lilito/Documents/ciencias/semestre7/compiladores/proyecto/target/test-classes:/home/lilito/Documents/ciencias/semestre7/compiladores/proyecto/target/classes:/home/lilito/.m2/repository/org/junit/jupiter/junit-jupiter/5.9.3/junit-jupiter-5.9.3.jar:/home/lilito/.m2/repository/org/junit/jupiter/junit-jupiter-api/5.9.3/junit-jupiter-api-5.9.3.jar:/home/lilito/.m2/repository/org/opentest4j/opentest4j/1.2.0/opentest4j-1.2.0.jar:/home/lilito/.m2/repository/org/junit/platform/junit-platform-commons/1.9.3/junit-platform-commons-1.9.3.jar:/home/lilito/.m2/repository/org/apiguardian/apiguardian-api/1.1.2/apiguardian-api-1.1.2.jar:/home/lilito/.m2/repository/org/junit/jupiter/junit-jupiter-params/5.9.3/junit-jupiter-params-5.9.3.jar:/home/lilito/.m2/repository/org/junit/jupiter/junit-jupiter-engine/5.9.3/junit-jupiter-engine-5.9.3.jar:/home/lilito/.m2/repository/org/junit/platform/junit-platform-engine/1.9.3/junit-platform-engine-1.9.3.jar:"/>
    <property name="java.vm.vendor" value="Ubuntu"/>
    <property name="sun.arch.data.model" value="64"/>
    <property name="java.vendor.url" value="https://ubuntu.com/"/>
    <property name="os.name" value="Linux"/>
    <property name="java.vm.specification.version" value="21"/>
    <property name="sun.java.launcher" value="SUN_STANDARD"/>
    <property name="user.country" value="US"/>
    <property name="sun.boot.library.path" value="/usr/lib/jvm/java-21-openjdk-amd64/lib"/>
    <property name="sun.java.command" value="/home/lilito/Documents/ciencias/semestre7/compiladores/proyecto/target/surefire/surefirebooter-20250917152725737_3.jar /home/lilito/Documents/ciencias/semestre7/compiladores/proyecto/target/surefire 2025-09-17T15-27-25_536-jvmRun1 surefire-20250917152725737_1tmp surefire_0-20250917152725737_2tmp"/>
    <property name="jdk.debug" value="release"/>
    <property name="surefire.test.class.path" value="/home/lilito/Documents/ciencias/semestre7/compiladores/proyecto/target/test-classes:/home/lilito/Documents/ciencias/semestre7/compiladores/proyecto/target/classes:/home/lilito/.m2/repository/org/junit/jupiter/junit-jupiter/5.9.3/junit-jupiter-5.9.3.jar:/home/lilito/.m2/repository/org/junit/jupiter/junit-jupiter-api/5.9.3/junit-jupiter-api-5.9.3.jar:/home/lilito/.m2/repository/org/opentest4j/opentest4j/1.2.0/opentest4j-1.2.0.jar:/home/lilito/.m2/repository/org/junit/platform/junit-platform-commons/1.9.3/junit-platform-commons-1.9.3.jar:/home/lilito/.m2/repository/org/apiguardian/apiguardian-api/1.1.2/apiguardian-api-1.1.2.jar:/home/lilito/.m2/repository/org/junit/jupiter/junit-jupiter-params/5.9.3/junit-jupiter-params-5.9.3.jar:/home/lilito/.m2/repository/org/junit/jupiter/junit-jupiter-engine/5.9.3/junit-jupiter-engine-5.9.3.jar:/home/lilito/.m2/repository/org/junit/platform/junit-platform-engine/1.9.3/junit-platform-engine-1.9.3.jar:"/>
    <property name="sun.cpu.endian" value="little"/>
    <property name="user.home" value="/home/lilito"/>
    <property name="user.language" value="en"/>
    <property name="java.specification.vendor" value="Oracle Corporation"/>
    <property name="java.version.date" value="2025-07-15"/>
    <property name="java.home" value="/usr/lib/jvm/java-21-openjdk-amd64"/>
    <property name="file.separator" value="/"/>
    <property name="basedir" value="/home/lilito/Documents/ciencias/semestre7/compiladores/proyecto"/>
    <property name="java.vm.compressedOopsMode" value="32-bit"/>
    <property name="line.separator" value="&#10;"/>
    <property name="java.specification.name" value="Java Platform API Specification"/>
    <property name="java.vm.specification.vendor" value="Oracle Corporation"/>
    <property name="surefire.real.class.path" value="/home/lilito/Documents/ciencias/semestre7/compiladores/proyecto/target/surefire/surefirebooter-20250917152725737_3.jar"/>
    <property name="sun.management.compiler" value="HotSpot 64-Bit Tiered Compilers"/>
    <property name="java.runtime.version" value="21.0.8+9-Ubuntu-0ubuntu124.04.1"/>
    <property name="user.name" value="lilito"/>
    <property name="stdout.encoding" value="UTF-8"/>
    <property name="path.separator" value=":"/>
    <property name="os.version" value="6.8.0-79-generic"/>
    <property name="java.runtime.name" value="OpenJDK Runtime Environment"/>
    <property name="file.encoding" value="UTF-8"/>
    <property name="java.vm.name" value="OpenJDK 64-Bit Server VM"/>
    <property name="localRepository" value="/home/lilito/.m2/repository"/>
    <property name="java.vendor.url.bug" value="https://bugs.launchpad.net/ubuntu/+source/openjdk-21"/>
    <property name="java.io.tmpdir" value="/tmp"/>
    <property name="java.version" value="21.0.8"/>
    <property name="user.dir" value="/home/lilito/Documents/ciencias/semestre7/compiladores/proyecto"/>
    <property name="os.arch" value="amd64"/>
    <property name="java.vm.specification.name" value="Java Virtual Machine Specification"/>
    <property name="native.encoding" value="UTF-8"/>
    <property name="java.library.path" value="/usr/java/packages/lib:/usr/lib/x86_64-linux-gnu/jni:/lib/x86_64-linux-gnu:/usr/lib/x86_64-linux-gnu:/usr/lib/jni:/lib:/usr/lib"/>
    <property name="java.vm.info" value="mixed mode, sharing"/>
    <property name="stderr.encoding" value="UTF-8"/>
    <property name="java.vendor" value="Ubuntu"/>
    <property name="java.vm.version" value="21.0.8+9-Ubuntu-0ubuntu124.04.1"/>
    <property name="sun.io.unicode.encoding" value="UnicodeLittle"/>
    <property name="java.class.version" value="65.0"/>
  </properties>
  <testcase name="testEmptyInput" classname="com.compiler.TokenGeneratorTest" time="0.013"/>
  <testcase name="testUnknownCharacters" classname="com.compiler.TokenGeneratorTest" time="0.004"/>
  <testcase name="testLongestMatchPrinciple" classname="com.compiler.TokenGeneratorTest" time="0.003"/>
  <testcase name="testVariousExpressions(String, String)[1]" classname="com.compiler.TokenGeneratorTest" time="0.033"/>
  <testcase name="testVariousExpressions(String, String)[2]" classname="com.compiler.TokenGeneratorTest" time="0.003"/>
  <testcase name="testVariousExpressions(String, String)[3]" classname="com.compiler.TokenGeneratorTest" time="0.003"/>
  <testcase name="testVariousExpressions(String, String)[4]" classname="com.compiler.TokenGeneratorTest" time="0.002"/>
  <testcase name="testOperatorPrecedence" classname="com.compiler.TokenGeneratorTest" time="0.002"/>
  <testcase name="testCompleteTokenizationBreakdown" classname="com.compiler.TokenGeneratorTest" time="0.017">
    <system-out><![CDATA[=== Complete Tokenization Breakdown ===
Input: "for (var i = 0; i < 10; i = i + 1) { }"
Tokens found:
  [ 0] FOR             'for' (pos 0-3)
  [ 1] LEFT_PAREN      '(' (pos 4-5)
  [ 2] VAR             'var' (pos 5-8)
  [ 3] IDENTIFIER      'i' (pos 9-10)
  [ 4] ASSIGN          '=' (pos 11-12)
  [ 5] NUMBER          '0' (pos 13-14)
  [ 6] SEMICOLON       ';' (pos 14-15)
  [ 7] IDENTIFIER      'i' (pos 16-17)
  [ 8] LESS_THAN       '<' (pos 18-19)
  [ 9] NUMBER          '10' (pos 20-22)
  [10] SEMICOLON       ';' (pos 22-23)
  [11] IDENTIFIER      'i' (pos 24-25)
  [12] ASSIGN          '=' (pos 26-27)
  [13] IDENTIFIER      'i' (pos 28-29)
  [14] PLUS            '+' (pos 30-31)
  [15] NUMBER          '1' (pos 32-33)
  [16] RIGHT_PAREN     ')' (pos 33-34)
  [17] LEFT_BRACE      '{' (pos 35-36)
  [18] RIGHT_BRACE     '}' (pos 37-38)
  [19] EOF             '' (pos 38-38)
]]></system-out>
  </testcase>
  <testcase name="testNumbersAndIdentifiers" classname="com.compiler.TokenGeneratorTest" time="0.003"/>
  <testcase name="testKeywordVsIdentifier" classname="com.compiler.TokenGeneratorTest" time="0.002"/>
  <testcase name="testComplexProgram" classname="com.compiler.TokenGeneratorTest" time="0.006"/>
  <testcase name="testSimpleExpression" classname="com.compiler.TokenGeneratorTest" time="0.002"/>
</testsuite>